{"level":"info","message":"uri / method GET status 0 duration 0s size 23"}
{"level":"info","message":"uri /update/counter/x/10 method POST status 200 duration 91.8µs size 23"}
{"level":"info","message":"uri /update/gauge/y/1.23 method POST status 200 duration 1.6568ms size 23"}
{"level":"error","message":"empty metric name"}
{"level":"info","message":"uri /update/counter//10 method POST status 404 duration 748.3µs size 23"}
{"level":"error","message":"can't parse abc in double"}
{"level":"info","message":"uri /update/counter/x/abc method POST status 400 duration 780µs size 23"}
{"level":"error","message":"can't parse abc in double"}
{"level":"info","message":"uri /update/counter/x/abc method POST status 400 duration 1.8967ms size 23"}
{"level":"info","message":"wrong metric type: counte"}
{"level":"info","message":"uri /update/counte/x/abc method POST status 400 duration 0s size 23"}
{"level":"info","message":"uri /value/counter/x method GET status 0 duration 506.4µs size 26"}
{"level":"info","message":"no metric x and type cor in inmemstore"}
{"level":"info","message":"uri /value/cor/x method GET status 404 duration 2.6231ms size 23"}
{"level":"info","message":"no metric z and type counter in inmemstore"}
{"level":"info","message":"uri /value/counter/z method GET status 404 duration 587.1µs size 23"}
{"level":"info","message":"uri /update/ method POST status 0 duration 1.2143ms size 65"}
{"level":"info","message":"uri /update/ method POST status 0 duration 0s size 67"}
{"level":"error","message":"empty delta or value in request"}
{"level":"info","message":"uri /update/ method POST status 400 duration 600.4µs size 23"}
{"level":"error","message":"empty delta or value in request"}
{"level":"info","message":"uri /update/ method POST status 400 duration 633.9µs size 23"}
{"level":"info","message":"uri /value/ method POST status 0 duration 560.4µs size 67"}
{"level":"info","message":"no ke metric in storage"}
{"level":"info","message":"uri /value/ method POST status 404 duration 520.7µs size 23"}
